1508349905.879952 client started (12724): version 2.5, socket /private/tmp/tmux-501/default, protocol 8
1508349905.879990 on Darwin 16.7.0 Darwin Kernel Version 16.7.0: Thu Jun 15 17:36:27 PDT 2017; root:xnu-3789.70.16~2/RELEASE_X86_64; libevent 2.1.8-stable (select)
1508349905.880033 socket is /private/tmp/tmux-501/default
1508349905.880050 trying connect
1508349905.880134 add peer 0x7fd202801000: 6 (0x0)
1508349905.881307 sending message 100 to peer 0x7fd202801000 (4 bytes)
1508349905.881330 sending message 101 to peer 0x7fd202801000 (15 bytes)
1508349905.881335 sending message 102 to peer 0x7fd202801000 (13 bytes)
1508349905.881338 sending message 108 to peer 0x7fd202801000 (65 bytes)
1508349905.881348 sending message 104 to peer 0x7fd202801000 (0 bytes)
1508349905.881352 sending message 107 to peer 0x7fd202801000 (4 bytes)
1508349905.881355 sending message 105 to peer 0x7fd202801000 (23 bytes)
1508349905.881359 sending message 105 to peer 0x7fd202801000 (14 bytes)
1508349905.881362 sending message 105 to peer 0x7fd202801000 (20 bytes)
1508349905.881365 sending message 105 to peer 0x7fd202801000 (16 bytes)
1508349905.881368 sending message 105 to peer 0x7fd202801000 (57 bytes)
1508349905.881372 sending message 105 to peer 0x7fd202801000 (76 bytes)
1508349905.881375 sending message 105 to peer 0x7fd202801000 (27 bytes)
1508349905.881378 sending message 105 to peer 0x7fd202801000 (60 bytes)
1508349905.881382 sending message 105 to peer 0x7fd202801000 (29 bytes)
1508349905.881385 sending message 105 to peer 0x7fd202801000 (14 bytes)
1508349905.881389 sending message 105 to peer 0x7fd202801000 (22 bytes)
1508349905.881392 sending message 105 to peer 0x7fd202801000 (66 bytes)
1508349905.881395 sending message 105 to peer 0x7fd202801000 (38 bytes)
1508349905.881399 sending message 105 to peer 0x7fd202801000 (173 bytes)
1508349905.881402 sending message 105 to peer 0x7fd202801000 (69 bytes)
1508349905.881405 sending message 105 to peer 0x7fd202801000 (17 bytes)
1508349905.881409 sending message 105 to peer 0x7fd202801000 (22 bytes)
1508349905.881412 sending message 105 to peer 0x7fd202801000 (14 bytes)
1508349905.881415 sending message 105 to peer 0x7fd202801000 (19 bytes)
1508349905.881419 sending message 105 to peer 0x7fd202801000 (8 bytes)
1508349905.881422 sending message 105 to peer 0x7fd202801000 (21 bytes)
1508349905.881425 sending message 105 to peer 0x7fd202801000 (14 bytes)
1508349905.881428 sending message 105 to peer 0x7fd202801000 (61 bytes)
1508349905.881432 sending message 105 to peer 0x7fd202801000 (17 bytes)
1508349905.881437 sending message 105 to peer 0x7fd202801000 (55 bytes)
1508349905.881440 sending message 105 to peer 0x7fd202801000 (24 bytes)
1508349905.881444 sending message 105 to peer 0x7fd202801000 (20 bytes)
1508349905.881447 sending message 105 to peer 0x7fd202801000 (55 bytes)
1508349905.881450 sending message 105 to peer 0x7fd202801000 (22 bytes)
1508349905.881453 sending message 105 to peer 0x7fd202801000 (17 bytes)
1508349905.881457 sending message 105 to peer 0x7fd202801000 (15 bytes)
1508349905.881460 sending message 106 to peer 0x7fd202801000 (0 bytes)
1508349905.881467 sending message 200 to peer 0x7fd202801000 (4 bytes)
1508349905.881472 client loop enter
1508349905.882449 peer 0x7fd202801000 message 207
1508349905.882465 sending message 208 to peer 0x7fd202801000 (0 bytes)
1508349912.442997 peer 0x7fd202801000 message 203
1508349912.443012 sending message 205 to peer 0x7fd202801000 (0 bytes)
1508349912.443206 peer 0x7fd202801000 message 204
1508349912.443214 client loop exit
